{"C:\\Users\\Rajesh\\Desktop\\training\\Sumit\\reacr-course\\finalassignment\\online-project\\src\\App.tsx": {"path":"C:\\Users\\Rajesh\\Desktop\\training\\Sumit\\reacr-course\\finalassignment\\online-project\\src\\App.tsx","statementMap":{"0":{"start":{"line":6,"column":2},"end":{"line":10,"column":3}}},"fnMap":{"0":{"name":"App","decl":{"start":{"line":5,"column":9},"end":{"line":5,"column":12}},"loc":{"start":{"line":5,"column":29},"end":{"line":11,"column":1}},"line":5}},"branchMap":{},"s":{"0":0},"f":{"0":0},"b":{}}
,"C:\\Users\\Rajesh\\Desktop\\training\\Sumit\\reacr-course\\finalassignment\\online-project\\src\\index.tsx": {"path":"C:\\Users\\Rajesh\\Desktop\\training\\Sumit\\reacr-course\\finalassignment\\online-project\\src\\index.tsx","statementMap":{"0":{"start":{"line":10,"column":13},"end":{"line":12,"column":1}},"1":{"start":{"line":13,"column":0},"end":{"line":19,"column":1}},"2":{"start":{"line":24,"column":0},"end":{"line":24,"column":17}}},"fnMap":{},"branchMap":{},"s":{"0":0,"1":0,"2":0},"f":{},"b":{}}
,"C:\\Users\\Rajesh\\Desktop\\training\\Sumit\\reacr-course\\finalassignment\\online-project\\src\\reportWebVitals.ts": {"path":"C:\\Users\\Rajesh\\Desktop\\training\\Sumit\\reacr-course\\finalassignment\\online-project\\src\\reportWebVitals.ts","statementMap":{"0":{"start":{"line":3,"column":24},"end":{"line":13,"column":1}},"1":{"start":{"line":4,"column":2},"end":{"line":12,"column":3}},"2":{"start":{"line":5,"column":28},"end":{"line":5,"column":54}},"3":{"start":{"line":6,"column":56},"end":{"line":6,"column":71}},"4":{"start":{"line":7,"column":4},"end":{"line":7,"column":23}},"5":{"start":{"line":8,"column":4},"end":{"line":8,"column":23}},"6":{"start":{"line":9,"column":4},"end":{"line":9,"column":23}},"7":{"start":{"line":10,"column":4},"end":{"line":10,"column":23}},"8":{"start":{"line":11,"column":4},"end":{"line":11,"column":24}}},"fnMap":{"0":{"name":"(anonymous_0)","decl":{"start":{"line":3,"column":24},"end":{"line":3,"column":25}},"loc":{"start":{"line":3,"column":78},"end":{"line":13,"column":1}},"line":3}},"branchMap":{"0":{"loc":{"start":{"line":4,"column":2},"end":{"line":12,"column":3}},"type":"if","locations":[{"start":{"line":4,"column":2},"end":{"line":12,"column":3}},{"start":{},"end":{}}],"line":4},"1":{"loc":{"start":{"line":4,"column":6},"end":{"line":4,"column":92}},"type":"binary-expr","locations":[{"start":{"line":4,"column":6},"end":{"line":4,"column":26}},{"start":{"line":4,"column":30},"end":{"line":4,"column":55}},{"start":{"line":4,"column":59},"end":{"line":4,"column":92}}],"line":4}},"s":{"0":0,"1":0,"2":0,"3":0,"4":0,"5":0,"6":0,"7":0,"8":0},"f":{"0":0},"b":{"0":[0,0],"1":[0,0,0]}}
,"C:\\Users\\Rajesh\\Desktop\\training\\Sumit\\reacr-course\\finalassignment\\online-project\\src\\MUI\\theam.tsx": {"path":"C:\\Users\\Rajesh\\Desktop\\training\\Sumit\\reacr-course\\finalassignment\\online-project\\src\\MUI\\theam.tsx","statementMap":{"0":{"start":{"line":4,"column":19},"end":{"line":153,"column":2}}},"fnMap":{},"branchMap":{},"s":{"0":0},"f":{},"b":{}}
,"C:\\Users\\Rajesh\\Desktop\\training\\Sumit\\reacr-course\\finalassignment\\online-project\\src\\MUI\\theamAdd.tsx": {"path":"C:\\Users\\Rajesh\\Desktop\\training\\Sumit\\reacr-course\\finalassignment\\online-project\\src\\MUI\\theamAdd.tsx","statementMap":{"0":{"start":{"line":4,"column":18},"end":{"line":135,"column":2}}},"fnMap":{},"branchMap":{},"s":{"0":0},"f":{},"b":{}}
,"C:\\Users\\Rajesh\\Desktop\\training\\Sumit\\reacr-course\\finalassignment\\online-project\\src\\MUI\\theamDash.tsx": {"path":"C:\\Users\\Rajesh\\Desktop\\training\\Sumit\\reacr-course\\finalassignment\\online-project\\src\\MUI\\theamDash.tsx","statementMap":{"0":{"start":{"line":3,"column":18},"end":{"line":13,"column":2}}},"fnMap":{},"branchMap":{},"s":{"0":0},"f":{},"b":{}}
,"C:\\Users\\Rajesh\\Desktop\\training\\Sumit\\reacr-course\\finalassignment\\online-project\\src\\MUI\\theamapp.tsx": {"path":"C:\\Users\\Rajesh\\Desktop\\training\\Sumit\\reacr-course\\finalassignment\\online-project\\src\\MUI\\theamapp.tsx","statementMap":{"0":{"start":{"line":4,"column":17},"end":{"line":14,"column":2}}},"fnMap":{},"branchMap":{},"s":{"0":0},"f":{},"b":{}}
,"C:\\Users\\Rajesh\\Desktop\\training\\Sumit\\reacr-course\\finalassignment\\online-project\\src\\MUI\\theamtable.tsx": {"path":"C:\\Users\\Rajesh\\Desktop\\training\\Sumit\\reacr-course\\finalassignment\\online-project\\src\\MUI\\theamtable.tsx","statementMap":{"0":{"start":{"line":3,"column":19},"end":{"line":39,"column":2}}},"fnMap":{},"branchMap":{},"s":{"0":0},"f":{},"b":{}}
,"C:\\Users\\Rajesh\\Desktop\\training\\Sumit\\reacr-course\\finalassignment\\online-project\\src\\Models\\Typescriptmodel.ts": {"path":"C:\\Users\\Rajesh\\Desktop\\training\\Sumit\\reacr-course\\finalassignment\\online-project\\src\\Models\\Typescriptmodel.ts","statementMap":{},"fnMap":{},"branchMap":{},"s":{},"f":{},"b":{}}
,"C:\\Users\\Rajesh\\Desktop\\training\\Sumit\\reacr-course\\finalassignment\\online-project\\src\\Models\\ReduxType\\authType.ts": {"path":"C:\\Users\\Rajesh\\Desktop\\training\\Sumit\\reacr-course\\finalassignment\\online-project\\src\\Models\\ReduxType\\authType.ts","statementMap":{},"fnMap":{},"branchMap":{},"s":{},"f":{},"b":{}}
,"C:\\Users\\Rajesh\\Desktop\\training\\Sumit\\reacr-course\\finalassignment\\online-project\\src\\Models\\ReduxType\\projectType.ts": {"path":"C:\\Users\\Rajesh\\Desktop\\training\\Sumit\\reacr-course\\finalassignment\\online-project\\src\\Models\\ReduxType\\projectType.ts","statementMap":{},"fnMap":{},"branchMap":{},"s":{},"f":{},"b":{}}
,"C:\\Users\\Rajesh\\Desktop\\training\\Sumit\\reacr-course\\finalassignment\\online-project\\src\\Redux\\store.ts": {"path":"C:\\Users\\Rajesh\\Desktop\\training\\Sumit\\reacr-course\\finalassignment\\online-project\\src\\Redux\\store.ts","statementMap":{"0":{"start":{"line":5,"column":21},"end":{"line":10,"column":2}}},"fnMap":{},"branchMap":{},"s":{"0":0},"f":{},"b":{}}
,"C:\\Users\\Rajesh\\Desktop\\training\\Sumit\\reacr-course\\finalassignment\\online-project\\src\\Redux\\AuthReducer\\action.ts": {"path":"C:\\Users\\Rajesh\\Desktop\\training\\Sumit\\reacr-course\\finalassignment\\online-project\\src\\Redux\\AuthReducer\\action.ts","statementMap":{"0":{"start":{"line":6,"column":21},"end":{"line":25,"column":1}},"1":{"start":{"line":9,"column":4},"end":{"line":23,"column":5}},"2":{"start":{"line":10,"column":18},"end":{"line":13,"column":7}},"3":{"start":{"line":14,"column":6},"end":{"line":20,"column":7}},"4":{"start":{"line":15,"column":8},"end":{"line":15,"column":60}},"5":{"start":{"line":16,"column":8},"end":{"line":16,"column":35}},"6":{"start":{"line":17,"column":8},"end":{"line":17,"column":29}},"7":{"start":{"line":19,"column":8},"end":{"line":19,"column":52}},"8":{"start":{"line":22,"column":6},"end":{"line":22,"column":26}}},"fnMap":{"0":{"name":"(anonymous_0)","decl":{"start":{"line":8,"column":2},"end":{"line":8,"column":3}},"loc":{"start":{"line":8,"column":53},"end":{"line":24,"column":3}},"line":8}},"branchMap":{"0":{"loc":{"start":{"line":14,"column":6},"end":{"line":20,"column":7}},"type":"if","locations":[{"start":{"line":14,"column":6},"end":{"line":20,"column":7}},{"start":{"line":18,"column":13},"end":{"line":20,"column":7}}],"line":14}},"s":{"0":0,"1":0,"2":0,"3":0,"4":0,"5":0,"6":0,"7":0,"8":0},"f":{"0":0},"b":{"0":[0,0]}}
,"C:\\Users\\Rajesh\\Desktop\\training\\Sumit\\reacr-course\\finalassignment\\online-project\\src\\Redux\\AuthReducer\\authSlice.ts": {"path":"C:\\Users\\Rajesh\\Desktop\\training\\Sumit\\reacr-course\\finalassignment\\online-project\\src\\Redux\\AuthReducer\\authSlice.ts","statementMap":{"0":{"start":{"line":6,"column":32},"end":{"line":12,"column":1}},"1":{"start":{"line":14,"column":18},"end":{"line":44,"column":2}},"2":{"start":{"line":19,"column":6},"end":{"line":19,"column":22}},"3":{"start":{"line":20,"column":6},"end":{"line":20,"column":29}},"4":{"start":{"line":21,"column":6},"end":{"line":21,"column":29}},"5":{"start":{"line":22,"column":6},"end":{"line":22,"column":24}},"6":{"start":{"line":23,"column":6},"end":{"line":23,"column":26}},"7":{"start":{"line":27,"column":4},"end":{"line":42,"column":8}},"8":{"start":{"line":29,"column":8},"end":{"line":29,"column":30}},"9":{"start":{"line":30,"column":8},"end":{"line":30,"column":26}},"10":{"start":{"line":33,"column":8},"end":{"line":33,"column":31}},"11":{"start":{"line":34,"column":8},"end":{"line":34,"column":42}},"12":{"start":{"line":35,"column":8},"end":{"line":35,"column":27}},"13":{"start":{"line":36,"column":8},"end":{"line":36,"column":26}},"14":{"start":{"line":39,"column":8},"end":{"line":39,"column":31}},"15":{"start":{"line":40,"column":8},"end":{"line":40,"column":28}},"16":{"start":{"line":41,"column":8},"end":{"line":41,"column":42}},"17":{"start":{"line":46,"column":26},"end":{"line":46,"column":43}}},"fnMap":{"0":{"name":"(anonymous_0)","decl":{"start":{"line":18,"column":12},"end":{"line":18,"column":13}},"loc":{"start":{"line":18,"column":23},"end":{"line":24,"column":5}},"line":18},"1":{"name":"(anonymous_1)","decl":{"start":{"line":26,"column":17},"end":{"line":26,"column":18}},"loc":{"start":{"line":26,"column":30},"end":{"line":43,"column":3}},"line":26},"2":{"name":"(anonymous_2)","decl":{"start":{"line":28,"column":30},"end":{"line":28,"column":31}},"loc":{"start":{"line":28,"column":41},"end":{"line":31,"column":7}},"line":28},"3":{"name":"(anonymous_3)","decl":{"start":{"line":32,"column":32},"end":{"line":32,"column":33}},"loc":{"start":{"line":32,"column":51},"end":{"line":37,"column":7}},"line":32},"4":{"name":"(anonymous_4)","decl":{"start":{"line":38,"column":31},"end":{"line":38,"column":32}},"loc":{"start":{"line":38,"column":50},"end":{"line":42,"column":7}},"line":38}},"branchMap":{},"s":{"0":0,"1":0,"2":0,"3":0,"4":0,"5":0,"6":0,"7":0,"8":0,"9":0,"10":0,"11":0,"12":0,"13":0,"14":0,"15":0,"16":0,"17":0},"f":{"0":0,"1":0,"2":0,"3":0,"4":0},"b":{}}
,"C:\\Users\\Rajesh\\Desktop\\training\\Sumit\\reacr-course\\finalassignment\\online-project\\src\\Redux\\ProjectReducer\\action.ts": {"path":"C:\\Users\\Rajesh\\Desktop\\training\\Sumit\\reacr-course\\finalassignment\\online-project\\src\\Redux\\ProjectReducer\\action.ts","statementMap":{"0":{"start":{"line":6,"column":27},"end":{"line":19,"column":1}},"1":{"start":{"line":9,"column":4},"end":{"line":17,"column":5}},"2":{"start":{"line":10,"column":18},"end":{"line":13,"column":7}},"3":{"start":{"line":14,"column":6},"end":{"line":14,"column":16}},"4":{"start":{"line":16,"column":6},"end":{"line":16,"column":26}},"5":{"start":{"line":21,"column":30},"end":{"line":36,"column":1}},"6":{"start":{"line":24,"column":4},"end":{"line":34,"column":5}},"7":{"start":{"line":25,"column":16},"end":{"line":25,"column":18}},"8":{"start":{"line":26,"column":6},"end":{"line":26,"column":47}},"9":{"start":{"line":27,"column":6},"end":{"line":27,"column":30}},"10":{"start":{"line":28,"column":6},"end":{"line":31,"column":7}},"11":{"start":{"line":33,"column":6},"end":{"line":33,"column":26}},"12":{"start":{"line":38,"column":27},"end":{"line":53,"column":1}},"13":{"start":{"line":41,"column":4},"end":{"line":51,"column":5}},"14":{"start":{"line":42,"column":18},"end":{"line":44,"column":8}},"15":{"start":{"line":45,"column":25},"end":{"line":45,"column":44}},"16":{"start":{"line":46,"column":25},"end":{"line":46,"column":42}},"17":{"start":{"line":48,"column":6},"end":{"line":48,"column":64}},"18":{"start":{"line":50,"column":6},"end":{"line":50,"column":26}},"19":{"start":{"line":55,"column":24},"end":{"line":63,"column":2}},"20":{"start":{"line":56,"column":2},"end":{"line":62,"column":3}},"21":{"start":{"line":57,"column":16},"end":{"line":57,"column":70}},"22":{"start":{"line":58,"column":4},"end":{"line":58,"column":25}},"23":{"start":{"line":59,"column":4},"end":{"line":59,"column":30}},"24":{"start":{"line":61,"column":4},"end":{"line":61,"column":24}},"25":{"start":{"line":65,"column":25},"end":{"line":73,"column":2}},"26":{"start":{"line":66,"column":2},"end":{"line":72,"column":3}},"27":{"start":{"line":67,"column":16},"end":{"line":67,"column":70}},"28":{"start":{"line":68,"column":4},"end":{"line":68,"column":25}},"29":{"start":{"line":69,"column":4},"end":{"line":69,"column":30}},"30":{"start":{"line":71,"column":4},"end":{"line":71,"column":24}}},"fnMap":{"0":{"name":"(anonymous_0)","decl":{"start":{"line":8,"column":2},"end":{"line":8,"column":3}},"loc":{"start":{"line":8,"column":35},"end":{"line":18,"column":3}},"line":8},"1":{"name":"(anonymous_1)","decl":{"start":{"line":23,"column":2},"end":{"line":23,"column":3}},"loc":{"start":{"line":23,"column":36},"end":{"line":35,"column":3}},"line":23},"2":{"name":"(anonymous_2)","decl":{"start":{"line":40,"column":2},"end":{"line":40,"column":3}},"loc":{"start":{"line":40,"column":34},"end":{"line":52,"column":3}},"line":40},"3":{"name":"(anonymous_3)","decl":{"start":{"line":55,"column":54},"end":{"line":55,"column":55}},"loc":{"start":{"line":55,"column":66},"end":{"line":63,"column":1}},"line":55},"4":{"name":"(anonymous_4)","decl":{"start":{"line":65,"column":56},"end":{"line":65,"column":57}},"loc":{"start":{"line":65,"column":68},"end":{"line":73,"column":1}},"line":65}},"branchMap":{},"s":{"0":0,"1":0,"2":0,"3":0,"4":0,"5":0,"6":0,"7":0,"8":0,"9":0,"10":0,"11":0,"12":0,"13":0,"14":0,"15":0,"16":0,"17":0,"18":0,"19":0,"20":0,"21":0,"22":0,"23":0,"24":0,"25":0,"26":0,"27":0,"28":0,"29":0,"30":0},"f":{"0":0,"1":0,"2":0,"3":0,"4":0},"b":{}}
,"C:\\Users\\Rajesh\\Desktop\\training\\Sumit\\reacr-course\\finalassignment\\online-project\\src\\Redux\\ProjectReducer\\projectSlice.ts": {"path":"C:\\Users\\Rajesh\\Desktop\\training\\Sumit\\reacr-course\\finalassignment\\online-project\\src\\Redux\\ProjectReducer\\projectSlice.ts","statementMap":{"0":{"start":{"line":11,"column":42},"end":{"line":19,"column":1}},"1":{"start":{"line":21,"column":21},"end":{"line":97,"column":2}},"2":{"start":{"line":27,"column":4},"end":{"line":95,"column":8}},"3":{"start":{"line":29,"column":8},"end":{"line":29,"column":30}},"4":{"start":{"line":30,"column":8},"end":{"line":30,"column":29}},"5":{"start":{"line":33,"column":8},"end":{"line":33,"column":31}},"6":{"start":{"line":34,"column":8},"end":{"line":34,"column":29}},"7":{"start":{"line":37,"column":8},"end":{"line":37,"column":31}},"8":{"start":{"line":38,"column":8},"end":{"line":38,"column":28}},"9":{"start":{"line":41,"column":8},"end":{"line":41,"column":30}},"10":{"start":{"line":42,"column":8},"end":{"line":42,"column":29}},"11":{"start":{"line":45,"column":8},"end":{"line":45,"column":31}},"12":{"start":{"line":46,"column":8},"end":{"line":46,"column":29}},"13":{"start":{"line":49,"column":8},"end":{"line":49,"column":31}},"14":{"start":{"line":50,"column":8},"end":{"line":50,"column":28}},"15":{"start":{"line":54,"column":8},"end":{"line":54,"column":30}},"16":{"start":{"line":55,"column":8},"end":{"line":55,"column":29}},"17":{"start":{"line":58,"column":8},"end":{"line":58,"column":31}},"18":{"start":{"line":59,"column":8},"end":{"line":59,"column":29}},"19":{"start":{"line":60,"column":8},"end":{"line":60,"column":48}},"20":{"start":{"line":61,"column":8},"end":{"line":61,"column":52}},"21":{"start":{"line":62,"column":8},"end":{"line":62,"column":52}},"22":{"start":{"line":65,"column":8},"end":{"line":65,"column":31}},"23":{"start":{"line":66,"column":8},"end":{"line":66,"column":28}},"24":{"start":{"line":70,"column":8},"end":{"line":70,"column":30}},"25":{"start":{"line":71,"column":8},"end":{"line":71,"column":29}},"26":{"start":{"line":74,"column":8},"end":{"line":74,"column":31}},"27":{"start":{"line":75,"column":8},"end":{"line":75,"column":29}},"28":{"start":{"line":76,"column":8},"end":{"line":76,"column":42}},"29":{"start":{"line":79,"column":8},"end":{"line":79,"column":31}},"30":{"start":{"line":80,"column":8},"end":{"line":80,"column":28}},"31":{"start":{"line":84,"column":8},"end":{"line":84,"column":30}},"32":{"start":{"line":85,"column":8},"end":{"line":85,"column":29}},"33":{"start":{"line":88,"column":8},"end":{"line":88,"column":31}},"34":{"start":{"line":89,"column":8},"end":{"line":89,"column":29}},"35":{"start":{"line":90,"column":8},"end":{"line":90,"column":42}},"36":{"start":{"line":93,"column":8},"end":{"line":93,"column":31}},"37":{"start":{"line":94,"column":8},"end":{"line":94,"column":28}}},"fnMap":{"0":{"name":"(anonymous_0)","decl":{"start":{"line":26,"column":17},"end":{"line":26,"column":18}},"loc":{"start":{"line":26,"column":30},"end":{"line":96,"column":3}},"line":26},"1":{"name":"(anonymous_1)","decl":{"start":{"line":28,"column":36},"end":{"line":28,"column":37}},"loc":{"start":{"line":28,"column":47},"end":{"line":31,"column":7}},"line":28},"2":{"name":"(anonymous_2)","decl":{"start":{"line":32,"column":38},"end":{"line":32,"column":39}},"loc":{"start":{"line":32,"column":57},"end":{"line":35,"column":7}},"line":32},"3":{"name":"(anonymous_3)","decl":{"start":{"line":36,"column":37},"end":{"line":36,"column":38}},"loc":{"start":{"line":36,"column":56},"end":{"line":39,"column":7}},"line":36},"4":{"name":"(anonymous_4)","decl":{"start":{"line":40,"column":39},"end":{"line":40,"column":40}},"loc":{"start":{"line":40,"column":50},"end":{"line":43,"column":7}},"line":40},"5":{"name":"(anonymous_5)","decl":{"start":{"line":44,"column":41},"end":{"line":44,"column":42}},"loc":{"start":{"line":44,"column":52},"end":{"line":47,"column":7}},"line":44},"6":{"name":"(anonymous_6)","decl":{"start":{"line":48,"column":40},"end":{"line":48,"column":41}},"loc":{"start":{"line":48,"column":51},"end":{"line":51,"column":7}},"line":48},"7":{"name":"(anonymous_7)","decl":{"start":{"line":53,"column":36},"end":{"line":53,"column":37}},"loc":{"start":{"line":53,"column":47},"end":{"line":56,"column":7}},"line":53},"8":{"name":"(anonymous_8)","decl":{"start":{"line":57,"column":38},"end":{"line":57,"column":39}},"loc":{"start":{"line":57,"column":57},"end":{"line":63,"column":7}},"line":57},"9":{"name":"(anonymous_9)","decl":{"start":{"line":64,"column":37},"end":{"line":64,"column":38}},"loc":{"start":{"line":64,"column":48},"end":{"line":67,"column":7}},"line":64},"10":{"name":"(anonymous_10)","decl":{"start":{"line":69,"column":33},"end":{"line":69,"column":34}},"loc":{"start":{"line":69,"column":44},"end":{"line":72,"column":7}},"line":69},"11":{"name":"(anonymous_11)","decl":{"start":{"line":73,"column":35},"end":{"line":73,"column":36}},"loc":{"start":{"line":73,"column":54},"end":{"line":77,"column":7}},"line":73},"12":{"name":"(anonymous_12)","decl":{"start":{"line":78,"column":34},"end":{"line":78,"column":35}},"loc":{"start":{"line":78,"column":45},"end":{"line":81,"column":7}},"line":78},"13":{"name":"(anonymous_13)","decl":{"start":{"line":83,"column":34},"end":{"line":83,"column":35}},"loc":{"start":{"line":83,"column":45},"end":{"line":86,"column":7}},"line":83},"14":{"name":"(anonymous_14)","decl":{"start":{"line":87,"column":36},"end":{"line":87,"column":37}},"loc":{"start":{"line":87,"column":55},"end":{"line":91,"column":7}},"line":87},"15":{"name":"(anonymous_15)","decl":{"start":{"line":92,"column":35},"end":{"line":92,"column":36}},"loc":{"start":{"line":92,"column":46},"end":{"line":95,"column":7}},"line":92}},"branchMap":{},"s":{"0":0,"1":0,"2":0,"3":0,"4":0,"5":0,"6":0,"7":0,"8":0,"9":0,"10":0,"11":0,"12":0,"13":0,"14":0,"15":0,"16":0,"17":0,"18":0,"19":0,"20":0,"21":0,"22":0,"23":0,"24":0,"25":0,"26":0,"27":0,"28":0,"29":0,"30":0,"31":0,"32":0,"33":0,"34":0,"35":0,"36":0,"37":0},"f":{"0":0,"1":0,"2":0,"3":0,"4":0,"5":0,"6":0,"7":0,"8":0,"9":0,"10":0,"11":0,"12":0,"13":0,"14":0,"15":0},"b":{}}
,"C:\\Users\\Rajesh\\Desktop\\training\\Sumit\\reacr-course\\finalassignment\\online-project\\src\\Routes\\AllRoutes.tsx": {"path":"C:\\Users\\Rajesh\\Desktop\\training\\Sumit\\reacr-course\\finalassignment\\online-project\\src\\Routes\\AllRoutes.tsx","statementMap":{"0":{"start":{"line":9,"column":18},"end":{"line":41,"column":1}},"1":{"start":{"line":10,"column":2},"end":{"line":40,"column":3}}},"fnMap":{"0":{"name":"(anonymous_0)","decl":{"start":{"line":9,"column":18},"end":{"line":9,"column":19}},"loc":{"start":{"line":9,"column":37},"end":{"line":41,"column":1}},"line":9}},"branchMap":{},"s":{"0":0,"1":0},"f":{"0":0},"b":{}}
,"C:\\Users\\Rajesh\\Desktop\\training\\Sumit\\reacr-course\\finalassignment\\online-project\\src\\Routes\\PrivateRoute.tsx": {"path":"C:\\Users\\Rajesh\\Desktop\\training\\Sumit\\reacr-course\\finalassignment\\online-project\\src\\Routes\\PrivateRoute.tsx","statementMap":{"0":{"start":{"line":7,"column":21},"end":{"line":16,"column":1}},"1":{"start":{"line":8,"column":21},"end":{"line":8,"column":73}},"2":{"start":{"line":8,"column":55},"end":{"line":8,"column":72}},"3":{"start":{"line":10,"column":16},"end":{"line":10,"column":36}},"4":{"start":{"line":11,"column":2},"end":{"line":15,"column":3}},"5":{"start":{"line":12,"column":4},"end":{"line":12,"column":26}},"6":{"start":{"line":14,"column":4},"end":{"line":14,"column":30}}},"fnMap":{"0":{"name":"(anonymous_0)","decl":{"start":{"line":7,"column":21},"end":{"line":7,"column":22}},"loc":{"start":{"line":7,"column":77},"end":{"line":16,"column":1}},"line":7},"1":{"name":"(anonymous_1)","decl":{"start":{"line":8,"column":33},"end":{"line":8,"column":34}},"loc":{"start":{"line":8,"column":55},"end":{"line":8,"column":72}},"line":8}},"branchMap":{"0":{"loc":{"start":{"line":11,"column":2},"end":{"line":15,"column":3}},"type":"if","locations":[{"start":{"line":11,"column":2},"end":{"line":15,"column":3}},{"start":{"line":13,"column":9},"end":{"line":15,"column":3}}],"line":11},"1":{"loc":{"start":{"line":11,"column":6},"end":{"line":11,"column":53}},"type":"binary-expr","locations":[{"start":{"line":11,"column":6},"end":{"line":11,"column":12}},{"start":{"line":11,"column":16},"end":{"line":11,"column":30}},{"start":{"line":11,"column":34},"end":{"line":11,"column":53}}],"line":11}},"s":{"0":0,"1":0,"2":0,"3":0,"4":0,"5":0,"6":0},"f":{"0":0,"1":0},"b":{"0":[0,0],"1":[0,0,0]}}
,"C:\\Users\\Rajesh\\Desktop\\training\\Sumit\\reacr-course\\finalassignment\\online-project\\src\\components\\Banner.tsx": {"path":"C:\\Users\\Rajesh\\Desktop\\training\\Sumit\\reacr-course\\finalassignment\\online-project\\src\\components\\Banner.tsx","statementMap":{"0":{"start":{"line":12,"column":38},"end":{"line":41,"column":1}},"1":{"start":{"line":13,"column":19},"end":{"line":13,"column":32}},"2":{"start":{"line":15,"column":18},"end":{"line":17,"column":3}},"3":{"start":{"line":16,"column":4},"end":{"line":16,"column":22}},"4":{"start":{"line":19,"column":2},"end":{"line":40,"column":3}}},"fnMap":{"0":{"name":"(anonymous_0)","decl":{"start":{"line":12,"column":38},"end":{"line":12,"column":39}},"loc":{"start":{"line":12,"column":65},"end":{"line":41,"column":1}},"line":12},"1":{"name":"(anonymous_1)","decl":{"start":{"line":15,"column":18},"end":{"line":15,"column":19}},"loc":{"start":{"line":15,"column":30},"end":{"line":17,"column":3}},"line":15}},"branchMap":{},"s":{"0":0,"1":0,"2":0,"3":0,"4":0},"f":{"0":0,"1":0},"b":{}}
,"C:\\Users\\Rajesh\\Desktop\\training\\Sumit\\reacr-course\\finalassignment\\online-project\\src\\components\\ErrorText.tsx": {"path":"C:\\Users\\Rajesh\\Desktop\\training\\Sumit\\reacr-course\\finalassignment\\online-project\\src\\components\\ErrorText.tsx","statementMap":{"0":{"start":{"line":2,"column":26},"end":{"line":2,"column":45}},"1":{"start":{"line":3,"column":29},"end":{"line":3,"column":51}},"2":{"start":{"line":7,"column":25},"end":{"line":7,"column":52}},"3":{"start":{"line":8,"column":27},"end":{"line":8,"column":57}},"4":{"start":{"line":9,"column":25},"end":{"line":9,"column":51}},"5":{"start":{"line":10,"column":29},"end":{"line":10,"column":59}},"6":{"start":{"line":11,"column":29},"end":{"line":11,"column":59}},"7":{"start":{"line":12,"column":29},"end":{"line":12,"column":59}},"8":{"start":{"line":13,"column":31},"end":{"line":13,"column":63}},"9":{"start":{"line":14,"column":29},"end":{"line":14,"column":59}},"10":{"start":{"line":15,"column":30},"end":{"line":15,"column":61}},"11":{"start":{"line":16,"column":28},"end":{"line":16,"column":57}},"12":{"start":{"line":17,"column":23},"end":{"line":17,"column":67}}},"fnMap":{},"branchMap":{},"s":{"0":0,"1":0,"2":0,"3":0,"4":0,"5":0,"6":0,"7":0,"8":0,"9":0,"10":0,"11":0,"12":0},"f":{},"b":{}}
,"C:\\Users\\Rajesh\\Desktop\\training\\Sumit\\reacr-course\\finalassignment\\online-project\\src\\components\\LabelTag.tsx": {"path":"C:\\Users\\Rajesh\\Desktop\\training\\Sumit\\reacr-course\\finalassignment\\online-project\\src\\components\\LabelTag.tsx","statementMap":{"0":{"start":{"line":9,"column":42},"end":{"line":21,"column":1}},"1":{"start":{"line":10,"column":2},"end":{"line":20,"column":3}}},"fnMap":{"0":{"name":"(anonymous_0)","decl":{"start":{"line":9,"column":42},"end":{"line":9,"column":43}},"loc":{"start":{"line":9,"column":63},"end":{"line":21,"column":1}},"line":9}},"branchMap":{"0":{"loc":{"start":{"line":14,"column":17},"end":{"line":14,"column":65}},"type":"cond-expr","locations":[{"start":{"line":14,"column":55},"end":{"line":14,"column":60}},{"start":{"line":14,"column":63},"end":{"line":14,"column":65}}],"line":14},"1":{"loc":{"start":{"line":14,"column":17},"end":{"line":14,"column":52}},"type":"binary-expr","locations":[{"start":{"line":14,"column":17},"end":{"line":14,"column":36}},{"start":{"line":14,"column":40},"end":{"line":14,"column":52}}],"line":14}},"s":{"0":0,"1":0},"f":{"0":0},"b":{"0":[0,0],"1":[0,0]}}
,"C:\\Users\\Rajesh\\Desktop\\training\\Sumit\\reacr-course\\finalassignment\\online-project\\src\\components\\Navbar.jsx": {"path":"C:\\Users\\Rajesh\\Desktop\\training\\Sumit\\reacr-course\\finalassignment\\online-project\\src\\components\\Navbar.jsx","statementMap":{"0":{"start":{"line":15,"column":16},"end":{"line":91,"column":1}},"1":{"start":{"line":16,"column":24},"end":{"line":16,"column":39}},"2":{"start":{"line":17,"column":26},"end":{"line":17,"column":41}},"3":{"start":{"line":18,"column":26},"end":{"line":18,"column":41}},"4":{"start":{"line":19,"column":19},"end":{"line":19,"column":32}},"5":{"start":{"line":21,"column":18},"end":{"line":23,"column":3}},"6":{"start":{"line":22,"column":4},"end":{"line":22,"column":22}},"7":{"start":{"line":25,"column":2},"end":{"line":90,"column":3}},"8":{"start":{"line":31,"column":14},"end":{"line":33,"column":32}},"9":{"start":{"line":50,"column":14},"end":{"line":52,"column":32}},"10":{"start":{"line":71,"column":14},"end":{"line":73,"column":31}}},"fnMap":{"0":{"name":"(anonymous_0)","decl":{"start":{"line":15,"column":16},"end":{"line":15,"column":17}},"loc":{"start":{"line":15,"column":22},"end":{"line":91,"column":1}},"line":15},"1":{"name":"(anonymous_1)","decl":{"start":{"line":21,"column":18},"end":{"line":21,"column":19}},"loc":{"start":{"line":21,"column":24},"end":{"line":23,"column":3}},"line":21},"2":{"name":"(anonymous_2)","decl":{"start":{"line":30,"column":19},"end":{"line":30,"column":20}},"loc":{"start":{"line":30,"column":37},"end":{"line":34,"column":13}},"line":30},"3":{"name":"(anonymous_3)","decl":{"start":{"line":49,"column":19},"end":{"line":49,"column":20}},"loc":{"start":{"line":49,"column":37},"end":{"line":53,"column":13}},"line":49},"4":{"name":"(anonymous_4)","decl":{"start":{"line":70,"column":19},"end":{"line":70,"column":20}},"loc":{"start":{"line":70,"column":37},"end":{"line":74,"column":13}},"line":70}},"branchMap":{"0":{"loc":{"start":{"line":31,"column":14},"end":{"line":33,"column":32}},"type":"cond-expr","locations":[{"start":{"line":32,"column":18},"end":{"line":32,"column":66}},{"start":{"line":33,"column":18},"end":{"line":33,"column":32}}],"line":31},"1":{"loc":{"start":{"line":32,"column":18},"end":{"line":32,"column":66}},"type":"binary-expr","locations":[{"start":{"line":32,"column":18},"end":{"line":32,"column":31}},{"start":{"line":32,"column":35},"end":{"line":32,"column":49}},{"start":{"line":32,"column":53},"end":{"line":32,"column":66}}],"line":32},"2":{"loc":{"start":{"line":37,"column":13},"end":{"line":37,"column":66}},"type":"cond-expr","locations":[{"start":{"line":37,"column":20},"end":{"line":37,"column":61}},{"start":{"line":37,"column":64},"end":{"line":37,"column":66}}],"line":37},"3":{"loc":{"start":{"line":40,"column":19},"end":{"line":40,"column":53}},"type":"cond-expr","locations":[{"start":{"line":40,"column":26},"end":{"line":40,"column":41}},{"start":{"line":40,"column":44},"end":{"line":40,"column":53}}],"line":40},"4":{"loc":{"start":{"line":43,"column":13},"end":{"line":43,"column":71}},"type":"cond-expr","locations":[{"start":{"line":43,"column":20},"end":{"line":43,"column":66}},{"start":{"line":43,"column":69},"end":{"line":43,"column":71}}],"line":43},"5":{"loc":{"start":{"line":50,"column":14},"end":{"line":52,"column":32}},"type":"cond-expr","locations":[{"start":{"line":51,"column":18},"end":{"line":51,"column":66}},{"start":{"line":52,"column":18},"end":{"line":52,"column":32}}],"line":50},"6":{"loc":{"start":{"line":51,"column":18},"end":{"line":51,"column":66}},"type":"binary-expr","locations":[{"start":{"line":51,"column":18},"end":{"line":51,"column":31}},{"start":{"line":51,"column":35},"end":{"line":51,"column":49}},{"start":{"line":51,"column":53},"end":{"line":51,"column":66}}],"line":51},"7":{"loc":{"start":{"line":56,"column":13},"end":{"line":56,"column":66}},"type":"cond-expr","locations":[{"start":{"line":56,"column":20},"end":{"line":56,"column":61}},{"start":{"line":56,"column":64},"end":{"line":56,"column":66}}],"line":56},"8":{"loc":{"start":{"line":59,"column":19},"end":{"line":59,"column":57}},"type":"cond-expr","locations":[{"start":{"line":59,"column":26},"end":{"line":59,"column":43}},{"start":{"line":59,"column":46},"end":{"line":59,"column":57}}],"line":59},"9":{"loc":{"start":{"line":62,"column":13},"end":{"line":62,"column":71}},"type":"cond-expr","locations":[{"start":{"line":62,"column":20},"end":{"line":62,"column":66}},{"start":{"line":62,"column":69},"end":{"line":62,"column":71}}],"line":62},"10":{"loc":{"start":{"line":71,"column":14},"end":{"line":73,"column":31}},"type":"cond-expr","locations":[{"start":{"line":72,"column":18},"end":{"line":72,"column":65}},{"start":{"line":73,"column":18},"end":{"line":73,"column":31}}],"line":71},"11":{"loc":{"start":{"line":72,"column":18},"end":{"line":72,"column":65}},"type":"binary-expr","locations":[{"start":{"line":72,"column":18},"end":{"line":72,"column":30}},{"start":{"line":72,"column":34},"end":{"line":72,"column":48}},{"start":{"line":72,"column":52},"end":{"line":72,"column":65}}],"line":72},"12":{"loc":{"start":{"line":77,"column":13},"end":{"line":77,"column":66}},"type":"cond-expr","locations":[{"start":{"line":77,"column":19},"end":{"line":77,"column":61}},{"start":{"line":77,"column":64},"end":{"line":77,"column":66}}],"line":77},"13":{"loc":{"start":{"line":80,"column":19},"end":{"line":80,"column":54}},"type":"cond-expr","locations":[{"start":{"line":80,"column":25},"end":{"line":80,"column":41}},{"start":{"line":80,"column":44},"end":{"line":80,"column":54}}],"line":80},"14":{"loc":{"start":{"line":83,"column":13},"end":{"line":83,"column":71}},"type":"cond-expr","locations":[{"start":{"line":83,"column":19},"end":{"line":83,"column":66}},{"start":{"line":83,"column":69},"end":{"line":83,"column":71}}],"line":83}},"s":{"0":0,"1":0,"2":0,"3":0,"4":0,"5":0,"6":0,"7":0,"8":0,"9":0,"10":0},"f":{"0":0,"1":0,"2":0,"3":0,"4":0},"b":{"0":[0,0],"1":[0,0,0],"2":[0,0],"3":[0,0],"4":[0,0],"5":[0,0],"6":[0,0,0],"7":[0,0],"8":[0,0],"9":[0,0],"10":[0,0],"11":[0,0,0],"12":[0,0],"13":[0,0],"14":[0,0]}}
,"C:\\Users\\Rajesh\\Desktop\\training\\Sumit\\reacr-course\\finalassignment\\online-project\\src\\components\\AddProjects\\AddProject.tsx": {"path":"C:\\Users\\Rajesh\\Desktop\\training\\Sumit\\reacr-course\\finalassignment\\online-project\\src\\components\\AddProjects\\AddProject.tsx","statementMap":{"0":{"start":{"line":30,"column":35},"end":{"line":42,"column":1}},"1":{"start":{"line":44,"column":17},"end":{"line":121,"column":1}},"2":{"start":{"line":45,"column":29},"end":{"line":45,"column":31}},"3":{"start":{"line":47,"column":2},"end":{"line":49,"column":3}},"4":{"start":{"line":48,"column":4},"end":{"line":48,"column":27}},"5":{"start":{"line":51,"column":2},"end":{"line":53,"column":3}},"6":{"start":{"line":52,"column":4},"end":{"line":52,"column":31}},"7":{"start":{"line":55,"column":2},"end":{"line":57,"column":3}},"8":{"start":{"line":56,"column":4},"end":{"line":56,"column":27}},"9":{"start":{"line":59,"column":2},"end":{"line":61,"column":3}},"10":{"start":{"line":60,"column":4},"end":{"line":60,"column":35}},"11":{"start":{"line":63,"column":2},"end":{"line":65,"column":3}},"12":{"start":{"line":64,"column":4},"end":{"line":64,"column":35}},"13":{"start":{"line":67,"column":2},"end":{"line":69,"column":3}},"14":{"start":{"line":68,"column":4},"end":{"line":68,"column":35}},"15":{"start":{"line":71,"column":2},"end":{"line":73,"column":3}},"16":{"start":{"line":72,"column":4},"end":{"line":72,"column":39}},"17":{"start":{"line":75,"column":2},"end":{"line":77,"column":3}},"18":{"start":{"line":76,"column":4},"end":{"line":76,"column":35}},"19":{"start":{"line":79,"column":2},"end":{"line":81,"column":3}},"20":{"start":{"line":80,"column":4},"end":{"line":80,"column":37}},"21":{"start":{"line":83,"column":2},"end":{"line":85,"column":3}},"22":{"start":{"line":84,"column":4},"end":{"line":84,"column":33}},"23":{"start":{"line":87,"column":2},"end":{"line":109,"column":3}},"24":{"start":{"line":99,"column":4},"end":{"line":99,"column":33}},"25":{"start":{"line":100,"column":4},"end":{"line":100,"column":37}},"26":{"start":{"line":101,"column":4},"end":{"line":101,"column":27}},"27":{"start":{"line":102,"column":4},"end":{"line":102,"column":31}},"28":{"start":{"line":103,"column":4},"end":{"line":103,"column":27}},"29":{"start":{"line":104,"column":4},"end":{"line":104,"column":35}},"30":{"start":{"line":105,"column":4},"end":{"line":105,"column":35}},"31":{"start":{"line":106,"column":4},"end":{"line":106,"column":35}},"32":{"start":{"line":107,"column":4},"end":{"line":107,"column":39}},"33":{"start":{"line":108,"column":4},"end":{"line":108,"column":35}},"34":{"start":{"line":111,"column":2},"end":{"line":118,"column":3}},"35":{"start":{"line":112,"column":22},"end":{"line":112,"column":48}},"36":{"start":{"line":113,"column":20},"end":{"line":113,"column":44}},"37":{"start":{"line":115,"column":4},"end":{"line":117,"column":5}},"38":{"start":{"line":116,"column":6},"end":{"line":116,"column":30}},"39":{"start":{"line":120,"column":2},"end":{"line":120,"column":15}},"40":{"start":{"line":123,"column":19},"end":{"line":355,"column":1}},"41":{"start":{"line":124,"column":19},"end":{"line":124,"column":32}},"42":{"start":{"line":126,"column":17},"end":{"line":133,"column":4}},"43":{"start":{"line":129,"column":6},"end":{"line":129,"column":40}},"44":{"start":{"line":130,"column":6},"end":{"line":130,"column":17}},"45":{"start":{"line":135,"column":2},"end":{"line":354,"column":3}}},"fnMap":{"0":{"name":"(anonymous_0)","decl":{"start":{"line":44,"column":17},"end":{"line":44,"column":18}},"loc":{"start":{"line":44,"column":54},"end":{"line":121,"column":1}},"line":44},"1":{"name":"(anonymous_1)","decl":{"start":{"line":123,"column":19},"end":{"line":123,"column":20}},"loc":{"start":{"line":123,"column":38},"end":{"line":355,"column":1}},"line":123},"2":{"name":"(anonymous_2)","decl":{"start":{"line":128,"column":14},"end":{"line":128,"column":15}},"loc":{"start":{"line":128,"column":41},"end":{"line":131,"column":5}},"line":128}},"branchMap":{"0":{"loc":{"start":{"line":47,"column":2},"end":{"line":49,"column":3}},"type":"if","locations":[{"start":{"line":47,"column":2},"end":{"line":49,"column":3}},{"start":{},"end":{}}],"line":47},"1":{"loc":{"start":{"line":51,"column":2},"end":{"line":53,"column":3}},"type":"if","locations":[{"start":{"line":51,"column":2},"end":{"line":53,"column":3}},{"start":{},"end":{}}],"line":51},"2":{"loc":{"start":{"line":55,"column":2},"end":{"line":57,"column":3}},"type":"if","locations":[{"start":{"line":55,"column":2},"end":{"line":57,"column":3}},{"start":{},"end":{}}],"line":55},"3":{"loc":{"start":{"line":59,"column":2},"end":{"line":61,"column":3}},"type":"if","locations":[{"start":{"line":59,"column":2},"end":{"line":61,"column":3}},{"start":{},"end":{}}],"line":59},"4":{"loc":{"start":{"line":63,"column":2},"end":{"line":65,"column":3}},"type":"if","locations":[{"start":{"line":63,"column":2},"end":{"line":65,"column":3}},{"start":{},"end":{}}],"line":63},"5":{"loc":{"start":{"line":67,"column":2},"end":{"line":69,"column":3}},"type":"if","locations":[{"start":{"line":67,"column":2},"end":{"line":69,"column":3}},{"start":{},"end":{}}],"line":67},"6":{"loc":{"start":{"line":71,"column":2},"end":{"line":73,"column":3}},"type":"if","locations":[{"start":{"line":71,"column":2},"end":{"line":73,"column":3}},{"start":{},"end":{}}],"line":71},"7":{"loc":{"start":{"line":75,"column":2},"end":{"line":77,"column":3}},"type":"if","locations":[{"start":{"line":75,"column":2},"end":{"line":77,"column":3}},{"start":{},"end":{}}],"line":75},"8":{"loc":{"start":{"line":79,"column":2},"end":{"line":81,"column":3}},"type":"if","locations":[{"start":{"line":79,"column":2},"end":{"line":81,"column":3}},{"start":{},"end":{}}],"line":79},"9":{"loc":{"start":{"line":83,"column":2},"end":{"line":85,"column":3}},"type":"if","locations":[{"start":{"line":83,"column":2},"end":{"line":85,"column":3}},{"start":{},"end":{}}],"line":83},"10":{"loc":{"start":{"line":87,"column":2},"end":{"line":109,"column":3}},"type":"if","locations":[{"start":{"line":87,"column":2},"end":{"line":109,"column":3}},{"start":{},"end":{}}],"line":87},"11":{"loc":{"start":{"line":88,"column":4},"end":{"line":97,"column":24}},"type":"binary-expr","locations":[{"start":{"line":88,"column":4},"end":{"line":88,"column":22}},{"start":{"line":89,"column":4},"end":{"line":89,"column":25}},{"start":{"line":90,"column":4},"end":{"line":90,"column":27}},{"start":{"line":91,"column":4},"end":{"line":91,"column":26}},{"start":{"line":92,"column":4},"end":{"line":92,"column":28}},{"start":{"line":93,"column":4},"end":{"line":93,"column":26}},{"start":{"line":94,"column":4},"end":{"line":94,"column":26}},{"start":{"line":95,"column":4},"end":{"line":95,"column":26}},{"start":{"line":96,"column":4},"end":{"line":96,"column":22}},{"start":{"line":97,"column":4},"end":{"line":97,"column":24}}],"line":88},"12":{"loc":{"start":{"line":111,"column":2},"end":{"line":118,"column":3}},"type":"if","locations":[{"start":{"line":111,"column":2},"end":{"line":118,"column":3}},{"start":{},"end":{}}],"line":111},"13":{"loc":{"start":{"line":111,"column":6},"end":{"line":111,"column":54}},"type":"binary-expr","locations":[{"start":{"line":111,"column":6},"end":{"line":111,"column":29}},{"start":{"line":111,"column":33},"end":{"line":111,"column":54}}],"line":111},"14":{"loc":{"start":{"line":115,"column":4},"end":{"line":117,"column":5}},"type":"if","locations":[{"start":{"line":115,"column":4},"end":{"line":117,"column":5}},{"start":{},"end":{}}],"line":115},"15":{"loc":{"start":{"line":154,"column":20},"end":{"line":154,"column":79}},"type":"binary-expr","locations":[{"start":{"line":154,"column":20},"end":{"line":154,"column":48}},{"start":{"line":154,"column":52},"end":{"line":154,"column":79}}],"line":154},"16":{"loc":{"start":{"line":288,"column":24},"end":{"line":289,"column":56}},"type":"binary-expr","locations":[{"start":{"line":288,"column":24},"end":{"line":288,"column":57}},{"start":{"line":289,"column":24},"end":{"line":289,"column":56}}],"line":288},"17":{"loc":{"start":{"line":308,"column":24},"end":{"line":309,"column":54}},"type":"binary-expr","locations":[{"start":{"line":308,"column":24},"end":{"line":308,"column":55}},{"start":{"line":309,"column":24},"end":{"line":309,"column":54}}],"line":308}},"s":{"0":0,"1":0,"2":0,"3":0,"4":0,"5":0,"6":0,"7":0,"8":0,"9":0,"10":0,"11":0,"12":0,"13":0,"14":0,"15":0,"16":0,"17":0,"18":0,"19":0,"20":0,"21":0,"22":0,"23":0,"24":0,"25":0,"26":0,"27":0,"28":0,"29":0,"30":0,"31":0,"32":0,"33":0,"34":0,"35":0,"36":0,"37":0,"38":0,"39":0,"40":0,"41":0,"42":0,"43":0,"44":0,"45":0},"f":{"0":0,"1":0,"2":0},"b":{"0":[0,0],"1":[0,0],"2":[0,0],"3":[0,0],"4":[0,0],"5":[0,0],"6":[0,0],"7":[0,0],"8":[0,0],"9":[0,0],"10":[0,0],"11":[0,0,0,0,0,0,0,0,0,0],"12":[0,0],"13":[0,0],"14":[0,0],"15":[0,0],"16":[0,0],"17":[0,0]}}
,"C:\\Users\\Rajesh\\Desktop\\training\\Sumit\\reacr-course\\finalassignment\\online-project\\src\\components\\AddProjects\\Breaker.tsx": {"path":"C:\\Users\\Rajesh\\Desktop\\training\\Sumit\\reacr-course\\finalassignment\\online-project\\src\\components\\AddProjects\\Breaker.tsx","statementMap":{"0":{"start":{"line":5,"column":16},"end":{"line":13,"column":1}},"1":{"start":{"line":6,"column":2},"end":{"line":12,"column":3}}},"fnMap":{"0":{"name":"(anonymous_0)","decl":{"start":{"line":5,"column":16},"end":{"line":5,"column":17}},"loc":{"start":{"line":5,"column":35},"end":{"line":13,"column":1}},"line":5}},"branchMap":{},"s":{"0":0,"1":0},"f":{"0":0},"b":{}}
,"C:\\Users\\Rajesh\\Desktop\\training\\Sumit\\reacr-course\\finalassignment\\online-project\\src\\components\\AddProjects\\SelectTag.tsx": {"path":"C:\\Users\\Rajesh\\Desktop\\training\\Sumit\\reacr-course\\finalassignment\\online-project\\src\\components\\AddProjects\\SelectTag.tsx","statementMap":{"0":{"start":{"line":27,"column":44},"end":{"line":69,"column":1}},"1":{"start":{"line":40,"column":2},"end":{"line":68,"column":3}},"2":{"start":{"line":48,"column":29},"end":{"line":48,"column":44}}},"fnMap":{"0":{"name":"(anonymous_0)","decl":{"start":{"line":27,"column":44},"end":{"line":27,"column":45}},"loc":{"start":{"line":39,"column":6},"end":{"line":69,"column":1}},"line":39},"1":{"name":"(anonymous_1)","decl":{"start":{"line":48,"column":20},"end":{"line":48,"column":21}},"loc":{"start":{"line":48,"column":27},"end":{"line":48,"column":46}},"line":48}},"branchMap":{"0":{"loc":{"start":{"line":50,"column":17},"end":{"line":50,"column":52}},"type":"binary-expr","locations":[{"start":{"line":50,"column":17},"end":{"line":50,"column":33}},{"start":{"line":50,"column":37},"end":{"line":50,"column":52}}],"line":50},"1":{"loc":{"start":{"line":65,"column":9},"end":{"line":65,"column":76}},"type":"binary-expr","locations":[{"start":{"line":65,"column":9},"end":{"line":65,"column":25}},{"start":{"line":65,"column":29},"end":{"line":65,"column":76}}],"line":65}},"s":{"0":0,"1":0,"2":0},"f":{"0":0,"1":0},"b":{"0":[0,0],"1":[0,0]}}
,"C:\\Users\\Rajesh\\Desktop\\training\\Sumit\\reacr-course\\finalassignment\\online-project\\src\\components\\Login\\Login.tsx": {"path":"C:\\Users\\Rajesh\\Desktop\\training\\Sumit\\reacr-course\\finalassignment\\online-project\\src\\components\\Login\\Login.tsx","statementMap":{"0":{"start":{"line":26,"column":39},"end":{"line":29,"column":1}},"1":{"start":{"line":31,"column":17},"end":{"line":53,"column":1}},"2":{"start":{"line":37,"column":6},"end":{"line":37,"column":8}},"3":{"start":{"line":39,"column":2},"end":{"line":41,"column":3}},"4":{"start":{"line":40,"column":4},"end":{"line":40,"column":29}},"5":{"start":{"line":43,"column":2},"end":{"line":45,"column":3}},"6":{"start":{"line":44,"column":4},"end":{"line":44,"column":35}},"7":{"start":{"line":47,"column":2},"end":{"line":50,"column":3}},"8":{"start":{"line":48,"column":4},"end":{"line":48,"column":32}},"9":{"start":{"line":49,"column":4},"end":{"line":49,"column":32}},"10":{"start":{"line":52,"column":2},"end":{"line":52,"column":15}},"11":{"start":{"line":55,"column":14},"end":{"line":162,"column":1}},"12":{"start":{"line":56,"column":42},"end":{"line":56,"column":66}},"13":{"start":{"line":58,"column":19},"end":{"line":58,"column":32}},"14":{"start":{"line":60,"column":17},"end":{"line":66,"column":4}},"15":{"start":{"line":63,"column":6},"end":{"line":63,"column":34}},"16":{"start":{"line":68,"column":16},"end":{"line":68,"column":68}},"17":{"start":{"line":68,"column":50},"end":{"line":68,"column":67}},"18":{"start":{"line":70,"column":16},"end":{"line":70,"column":36}},"19":{"start":{"line":72,"column":2},"end":{"line":74,"column":3}},"20":{"start":{"line":73,"column":4},"end":{"line":73,"column":39}},"21":{"start":{"line":76,"column":2},"end":{"line":161,"column":3}},"22":{"start":{"line":135,"column":26},"end":{"line":135,"column":56}}},"fnMap":{"0":{"name":"(anonymous_0)","decl":{"start":{"line":31,"column":17},"end":{"line":31,"column":18}},"loc":{"start":{"line":33,"column":44},"end":{"line":53,"column":1}},"line":33},"1":{"name":"(anonymous_1)","decl":{"start":{"line":55,"column":14},"end":{"line":55,"column":15}},"loc":{"start":{"line":55,"column":33},"end":{"line":162,"column":1}},"line":55},"2":{"name":"(anonymous_2)","decl":{"start":{"line":62,"column":14},"end":{"line":62,"column":15}},"loc":{"start":{"line":62,"column":43},"end":{"line":64,"column":5}},"line":62},"3":{"name":"(anonymous_3)","decl":{"start":{"line":68,"column":28},"end":{"line":68,"column":29}},"loc":{"start":{"line":68,"column":50},"end":{"line":68,"column":67}},"line":68},"4":{"name":"(anonymous_4)","decl":{"start":{"line":134,"column":33},"end":{"line":134,"column":34}},"loc":{"start":{"line":134,"column":39},"end":{"line":136,"column":25}},"line":134}},"branchMap":{"0":{"loc":{"start":{"line":39,"column":2},"end":{"line":41,"column":3}},"type":"if","locations":[{"start":{"line":39,"column":2},"end":{"line":41,"column":3}},{"start":{},"end":{}}],"line":39},"1":{"loc":{"start":{"line":43,"column":2},"end":{"line":45,"column":3}},"type":"if","locations":[{"start":{"line":43,"column":2},"end":{"line":45,"column":3}},{"start":{},"end":{}}],"line":43},"2":{"loc":{"start":{"line":47,"column":2},"end":{"line":50,"column":3}},"type":"if","locations":[{"start":{"line":47,"column":2},"end":{"line":50,"column":3}},{"start":{},"end":{}}],"line":47},"3":{"loc":{"start":{"line":47,"column":6},"end":{"line":47,"column":51}},"type":"binary-expr","locations":[{"start":{"line":47,"column":6},"end":{"line":47,"column":28}},{"start":{"line":47,"column":32},"end":{"line":47,"column":51}}],"line":47},"4":{"loc":{"start":{"line":72,"column":2},"end":{"line":74,"column":3}},"type":"if","locations":[{"start":{"line":72,"column":2},"end":{"line":74,"column":3}},{"start":{},"end":{}}],"line":72},"5":{"loc":{"start":{"line":72,"column":6},"end":{"line":72,"column":34}},"type":"binary-expr","locations":[{"start":{"line":72,"column":6},"end":{"line":72,"column":18}},{"start":{"line":72,"column":22},"end":{"line":72,"column":34}}],"line":72},"6":{"loc":{"start":{"line":105,"column":18},"end":{"line":105,"column":79}},"type":"binary-expr","locations":[{"start":{"line":105,"column":18},"end":{"line":105,"column":47}},{"start":{"line":105,"column":51},"end":{"line":105,"column":79}}],"line":105},"7":{"loc":{"start":{"line":108,"column":18},"end":{"line":108,"column":70}},"type":"binary-expr","locations":[{"start":{"line":108,"column":18},"end":{"line":108,"column":47}},{"start":{"line":108,"column":51},"end":{"line":108,"column":70}}],"line":108},"8":{"loc":{"start":{"line":118,"column":22},"end":{"line":118,"column":56}},"type":"cond-expr","locations":[{"start":{"line":118,"column":37},"end":{"line":118,"column":43}},{"start":{"line":118,"column":46},"end":{"line":118,"column":56}}],"line":118},"9":{"loc":{"start":{"line":124,"column":18},"end":{"line":125,"column":49}},"type":"binary-expr","locations":[{"start":{"line":124,"column":18},"end":{"line":124,"column":50}},{"start":{"line":125,"column":18},"end":{"line":125,"column":49}}],"line":124},"10":{"loc":{"start":{"line":128,"column":18},"end":{"line":128,"column":76}},"type":"binary-expr","locations":[{"start":{"line":128,"column":18},"end":{"line":128,"column":50}},{"start":{"line":128,"column":54},"end":{"line":128,"column":76}}],"line":128},"11":{"loc":{"start":{"line":139,"column":25},"end":{"line":139,"column":74}},"type":"cond-expr","locations":[{"start":{"line":139,"column":40},"end":{"line":139,"column":54}},{"start":{"line":139,"column":57},"end":{"line":139,"column":74}}],"line":139},"12":{"loc":{"start":{"line":151,"column":11},"end":{"line":157,"column":11}},"type":"binary-expr","locations":[{"start":{"line":151,"column":11},"end":{"line":151,"column":31}},{"start":{"line":152,"column":12},"end":{"line":152,"column":45}},{"start":{"line":153,"column":12},"end":{"line":153,"column":48}},{"start":{"line":154,"column":14},"end":{"line":156,"column":20}}],"line":151}},"s":{"0":0,"1":0,"2":0,"3":0,"4":0,"5":0,"6":0,"7":0,"8":0,"9":0,"10":0,"11":0,"12":0,"13":0,"14":0,"15":0,"16":0,"17":0,"18":0,"19":0,"20":0,"21":0,"22":0},"f":{"0":0,"1":0,"2":0,"3":0,"4":0},"b":{"0":[0,0],"1":[0,0],"2":[0,0],"3":[0,0],"4":[0,0],"5":[0,0],"6":[0,0],"7":[0,0],"8":[0,0],"9":[0,0],"10":[0,0],"11":[0,0],"12":[0,0,0,0]}}
,"C:\\Users\\Rajesh\\Desktop\\training\\Sumit\\reacr-course\\finalassignment\\online-project\\src\\components\\Login\\LoginButton.tsx": {"path":"C:\\Users\\Rajesh\\Desktop\\training\\Sumit\\reacr-course\\finalassignment\\online-project\\src\\components\\Login\\LoginButton.tsx","statementMap":{"0":{"start":{"line":8,"column":40},"end":{"line":14,"column":1}},"1":{"start":{"line":9,"column":2},"end":{"line":13,"column":3}}},"fnMap":{"0":{"name":"(anonymous_0)","decl":{"start":{"line":8,"column":40},"end":{"line":8,"column":41}},"loc":{"start":{"line":8,"column":54},"end":{"line":14,"column":1}},"line":8}},"branchMap":{},"s":{"0":0,"1":0},"f":{"0":0},"b":{}}
,"C:\\Users\\Rajesh\\Desktop\\training\\Sumit\\reacr-course\\finalassignment\\online-project\\src\\components\\ProjectDashboard\\Card.tsx": {"path":"C:\\Users\\Rajesh\\Desktop\\training\\Sumit\\reacr-course\\finalassignment\\online-project\\src\\components\\ProjectDashboard\\Card.tsx","statementMap":{"0":{"start":{"line":14,"column":39},"end":{"line":29,"column":1}},"1":{"start":{"line":15,"column":2},"end":{"line":28,"column":3}}},"fnMap":{"0":{"name":"(anonymous_0)","decl":{"start":{"line":14,"column":39},"end":{"line":14,"column":40}},"loc":{"start":{"line":14,"column":60},"end":{"line":29,"column":1}},"line":14}},"branchMap":{},"s":{"0":0,"1":0},"f":{"0":0},"b":{}}
,"C:\\Users\\Rajesh\\Desktop\\training\\Sumit\\reacr-course\\finalassignment\\online-project\\src\\components\\ProjectDashboard\\Chart.tsx": {"path":"C:\\Users\\Rajesh\\Desktop\\training\\Sumit\\reacr-course\\finalassignment\\online-project\\src\\components\\ProjectDashboard\\Chart.tsx","statementMap":{"0":{"start":{"line":5,"column":37},"end":{"line":35,"column":1}},"1":{"start":{"line":6,"column":16},"end":{"line":9,"column":5}},"2":{"start":{"line":6,"column":36},"end":{"line":9,"column":3}},"3":{"start":{"line":11,"column":2},"end":{"line":34,"column":3}}},"fnMap":{"0":{"name":"(anonymous_0)","decl":{"start":{"line":5,"column":37},"end":{"line":5,"column":38}},"loc":{"start":{"line":5,"column":51},"end":{"line":35,"column":1}},"line":5},"1":{"name":"(anonymous_1)","decl":{"start":{"line":6,"column":25},"end":{"line":6,"column":26}},"loc":{"start":{"line":6,"column":36},"end":{"line":9,"column":3}},"line":6}},"branchMap":{},"s":{"0":0,"1":0,"2":0,"3":0},"f":{"0":0,"1":0},"b":{}}
,"C:\\Users\\Rajesh\\Desktop\\training\\Sumit\\reacr-course\\finalassignment\\online-project\\src\\components\\ProjectDashboard\\Chart1.tsx": {"path":"C:\\Users\\Rajesh\\Desktop\\training\\Sumit\\reacr-course\\finalassignment\\online-project\\src\\components\\ProjectDashboard\\Chart1.tsx","statementMap":{"0":{"start":{"line":6,"column":38},"end":{"line":44,"column":1}},"1":{"start":{"line":7,"column":16},"end":{"line":10,"column":5}},"2":{"start":{"line":7,"column":36},"end":{"line":10,"column":3}},"3":{"start":{"line":12,"column":2},"end":{"line":43,"column":3}}},"fnMap":{"0":{"name":"(anonymous_0)","decl":{"start":{"line":6,"column":38},"end":{"line":6,"column":39}},"loc":{"start":{"line":6,"column":52},"end":{"line":44,"column":1}},"line":6},"1":{"name":"(anonymous_1)","decl":{"start":{"line":7,"column":25},"end":{"line":7,"column":26}},"loc":{"start":{"line":7,"column":36},"end":{"line":10,"column":3}},"line":7}},"branchMap":{},"s":{"0":0,"1":0,"2":0,"3":0},"f":{"0":0,"1":0},"b":{}}
,"C:\\Users\\Rajesh\\Desktop\\training\\Sumit\\reacr-course\\finalassignment\\online-project\\src\\components\\ProjectDashboard\\Dashboard.tsx": {"path":"C:\\Users\\Rajesh\\Desktop\\training\\Sumit\\reacr-course\\finalassignment\\online-project\\src\\components\\ProjectDashboard\\Dashboard.tsx","statementMap":{"0":{"start":{"line":18,"column":18},"end":{"line":123,"column":1}},"1":{"start":{"line":19,"column":19},"end":{"line":19,"column":32}},"2":{"start":{"line":20,"column":27},"end":{"line":23,"column":41}},"3":{"start":{"line":22,"column":6},"end":{"line":22,"column":26}},"4":{"start":{"line":25,"column":2},"end":{"line":28,"column":8}},"5":{"start":{"line":26,"column":4},"end":{"line":26,"column":29}},"6":{"start":{"line":27,"column":4},"end":{"line":27,"column":30}},"7":{"start":{"line":30,"column":2},"end":{"line":122,"column":3}}},"fnMap":{"0":{"name":"(anonymous_0)","decl":{"start":{"line":18,"column":18},"end":{"line":18,"column":19}},"loc":{"start":{"line":18,"column":37},"end":{"line":123,"column":1}},"line":18},"1":{"name":"(anonymous_1)","decl":{"start":{"line":21,"column":4},"end":{"line":21,"column":5}},"loc":{"start":{"line":22,"column":6},"end":{"line":22,"column":26}},"line":22},"2":{"name":"(anonymous_2)","decl":{"start":{"line":25,"column":12},"end":{"line":25,"column":13}},"loc":{"start":{"line":25,"column":18},"end":{"line":28,"column":3}},"line":25}},"branchMap":{},"s":{"0":0,"1":0,"2":0,"3":0,"4":0,"5":0,"6":0,"7":0},"f":{"0":0,"1":0,"2":0},"b":{}}
,"C:\\Users\\Rajesh\\Desktop\\training\\Sumit\\reacr-course\\finalassignment\\online-project\\src\\components\\Table\\Pagination.tsx": {"path":"C:\\Users\\Rajesh\\Desktop\\training\\Sumit\\reacr-course\\finalassignment\\online-project\\src\\components\\Table\\Pagination.tsx","statementMap":{"0":{"start":{"line":9,"column":62},"end":{"line":9,"column":67}},"1":{"start":{"line":11,"column":27},"end":{"line":21,"column":3}},"2":{"start":{"line":15,"column":4},"end":{"line":19,"column":5}},"3":{"start":{"line":16,"column":6},"end":{"line":16,"column":17}},"4":{"start":{"line":18,"column":6},"end":{"line":18,"column":18}},"5":{"start":{"line":20,"column":4},"end":{"line":20,"column":17}},"6":{"start":{"line":22,"column":2},"end":{"line":32,"column":3}}},"fnMap":{"0":{"name":"Pagination1","decl":{"start":{"line":8,"column":9},"end":{"line":8,"column":20}},"loc":{"start":{"line":8,"column":59},"end":{"line":33,"column":1}},"line":8},"1":{"name":"(anonymous_1)","decl":{"start":{"line":11,"column":27},"end":{"line":11,"column":28}},"loc":{"start":{"line":14,"column":13},"end":{"line":21,"column":3}},"line":14}},"branchMap":{"0":{"loc":{"start":{"line":15,"column":4},"end":{"line":19,"column":5}},"type":"if","locations":[{"start":{"line":15,"column":4},"end":{"line":19,"column":5}},{"start":{"line":17,"column":11},"end":{"line":19,"column":5}}],"line":15}},"s":{"0":0,"1":0,"2":0,"3":0,"4":0,"5":0,"6":0},"f":{"0":0,"1":0},"b":{"0":[0,0]}}
,"C:\\Users\\Rajesh\\Desktop\\training\\Sumit\\reacr-course\\finalassignment\\online-project\\src\\components\\Table\\ProjectCard.tsx": {"path":"C:\\Users\\Rajesh\\Desktop\\training\\Sumit\\reacr-course\\finalassignment\\online-project\\src\\components\\Table\\ProjectCard.tsx","statementMap":{"0":{"start":{"line":12,"column":20},"end":{"line":233,"column":1}},"1":{"start":{"line":13,"column":26},"end":{"line":13,"column":45}},"2":{"start":{"line":14,"column":26},"end":{"line":14,"column":46}},"3":{"start":{"line":15,"column":30},"end":{"line":15,"column":50}},"4":{"start":{"line":16,"column":19},"end":{"line":16,"column":32}},"5":{"start":{"line":17,"column":47},"end":{"line":19,"column":3}},"6":{"start":{"line":18,"column":26},"end":{"line":18,"column":46}},"7":{"start":{"line":20,"column":30},"end":{"line":20,"column":54}},"8":{"start":{"line":21,"column":22},"end":{"line":21,"column":46}},"9":{"start":{"line":23,"column":20},"end":{"line":25,"column":3}},"10":{"start":{"line":24,"column":4},"end":{"line":24,"column":21}},"11":{"start":{"line":27,"column":21},"end":{"line":29,"column":3}},"12":{"start":{"line":28,"column":4},"end":{"line":28,"column":21}},"13":{"start":{"line":31,"column":17},"end":{"line":33,"column":3}},"14":{"start":{"line":32,"column":4},"end":{"line":32,"column":15}},"15":{"start":{"line":35,"column":22},"end":{"line":44,"column":3}},"16":{"start":{"line":36,"column":18},"end":{"line":40,"column":5}},"17":{"start":{"line":41,"column":4},"end":{"line":41,"column":14}},"18":{"start":{"line":42,"column":4},"end":{"line":42,"column":43}},"19":{"start":{"line":43,"column":4},"end":{"line":43,"column":37}},"20":{"start":{"line":46,"column":27},"end":{"line":48,"column":3}},"21":{"start":{"line":47,"column":4},"end":{"line":47,"column":19}},"22":{"start":{"line":50,"column":28},"end":{"line":52,"column":3}},"23":{"start":{"line":51,"column":4},"end":{"line":51,"column":21}},"24":{"start":{"line":54,"column":27},"end":{"line":56,"column":3}},"25":{"start":{"line":55,"column":4},"end":{"line":55,"column":19}},"26":{"start":{"line":58,"column":27},"end":{"line":60,"column":3}},"27":{"start":{"line":59,"column":4},"end":{"line":59,"column":23}},"28":{"start":{"line":62,"column":27},"end":{"line":64,"column":3}},"29":{"start":{"line":63,"column":4},"end":{"line":63,"column":23}},"30":{"start":{"line":66,"column":27},"end":{"line":68,"column":3}},"31":{"start":{"line":67,"column":4},"end":{"line":67,"column":23}},"32":{"start":{"line":70,"column":29},"end":{"line":72,"column":3}},"33":{"start":{"line":71,"column":4},"end":{"line":71,"column":25}},"34":{"start":{"line":74,"column":27},"end":{"line":76,"column":3}},"35":{"start":{"line":75,"column":4},"end":{"line":75,"column":23}},"36":{"start":{"line":78,"column":27},"end":{"line":80,"column":3}},"37":{"start":{"line":79,"column":4},"end":{"line":79,"column":21}},"38":{"start":{"line":81,"column":12},"end":{"line":83,"column":4}},"39":{"start":{"line":85,"column":2},"end":{"line":92,"column":30}},"40":{"start":{"line":86,"column":17},"end":{"line":90,"column":5}},"41":{"start":{"line":91,"column":4},"end":{"line":91,"column":36}},"42":{"start":{"line":94,"column":2},"end":{"line":232,"column":3}},"43":{"start":{"line":103,"column":12},"end":{"line":103,"column":37}},"44":{"start":{"line":111,"column":16},"end":{"line":111,"column":34}},"45":{"start":{"line":142,"column":10},"end":{"line":214,"column":18}},"46":{"start":{"line":191,"column":18},"end":{"line":191,"column":64}},"47":{"start":{"line":199,"column":18},"end":{"line":199,"column":63}},"48":{"start":{"line":207,"column":18},"end":{"line":207,"column":66}},"49":{"start":{"line":226,"column":12},"end":{"line":226,"column":21}}},"fnMap":{"0":{"name":"(anonymous_0)","decl":{"start":{"line":12,"column":20},"end":{"line":12,"column":21}},"loc":{"start":{"line":12,"column":39},"end":{"line":233,"column":1}},"line":12},"1":{"name":"(anonymous_1)","decl":{"start":{"line":18,"column":4},"end":{"line":18,"column":5}},"loc":{"start":{"line":18,"column":26},"end":{"line":18,"column":46}},"line":18},"2":{"name":"(anonymous_2)","decl":{"start":{"line":23,"column":20},"end":{"line":23,"column":21}},"loc":{"start":{"line":23,"column":32},"end":{"line":25,"column":3}},"line":23},"3":{"name":"(anonymous_3)","decl":{"start":{"line":27,"column":21},"end":{"line":27,"column":22}},"loc":{"start":{"line":27,"column":33},"end":{"line":29,"column":3}},"line":27},"4":{"name":"(anonymous_4)","decl":{"start":{"line":31,"column":17},"end":{"line":31,"column":18}},"loc":{"start":{"line":31,"column":39},"end":{"line":33,"column":3}},"line":31},"5":{"name":"(anonymous_5)","decl":{"start":{"line":35,"column":22},"end":{"line":35,"column":23}},"loc":{"start":{"line":35,"column":56},"end":{"line":44,"column":3}},"line":35},"6":{"name":"(anonymous_6)","decl":{"start":{"line":46,"column":27},"end":{"line":46,"column":28}},"loc":{"start":{"line":46,"column":39},"end":{"line":48,"column":3}},"line":46},"7":{"name":"(anonymous_7)","decl":{"start":{"line":50,"column":28},"end":{"line":50,"column":29}},"loc":{"start":{"line":50,"column":40},"end":{"line":52,"column":3}},"line":50},"8":{"name":"(anonymous_8)","decl":{"start":{"line":54,"column":27},"end":{"line":54,"column":28}},"loc":{"start":{"line":54,"column":39},"end":{"line":56,"column":3}},"line":54},"9":{"name":"(anonymous_9)","decl":{"start":{"line":58,"column":27},"end":{"line":58,"column":28}},"loc":{"start":{"line":58,"column":39},"end":{"line":60,"column":3}},"line":58},"10":{"name":"(anonymous_10)","decl":{"start":{"line":62,"column":27},"end":{"line":62,"column":28}},"loc":{"start":{"line":62,"column":39},"end":{"line":64,"column":3}},"line":62},"11":{"name":"(anonymous_11)","decl":{"start":{"line":66,"column":27},"end":{"line":66,"column":28}},"loc":{"start":{"line":66,"column":39},"end":{"line":68,"column":3}},"line":66},"12":{"name":"(anonymous_12)","decl":{"start":{"line":70,"column":29},"end":{"line":70,"column":30}},"loc":{"start":{"line":70,"column":41},"end":{"line":72,"column":3}},"line":70},"13":{"name":"(anonymous_13)","decl":{"start":{"line":74,"column":27},"end":{"line":74,"column":28}},"loc":{"start":{"line":74,"column":39},"end":{"line":76,"column":3}},"line":74},"14":{"name":"(anonymous_14)","decl":{"start":{"line":78,"column":27},"end":{"line":78,"column":28}},"loc":{"start":{"line":78,"column":39},"end":{"line":80,"column":3}},"line":78},"15":{"name":"(anonymous_15)","decl":{"start":{"line":85,"column":12},"end":{"line":85,"column":13}},"loc":{"start":{"line":85,"column":18},"end":{"line":92,"column":3}},"line":85},"16":{"name":"(anonymous_16)","decl":{"start":{"line":102,"column":20},"end":{"line":102,"column":21}},"loc":{"start":{"line":102,"column":27},"end":{"line":104,"column":11}},"line":102},"17":{"name":"(anonymous_17)","decl":{"start":{"line":110,"column":23},"end":{"line":110,"column":24}},"loc":{"start":{"line":110,"column":29},"end":{"line":112,"column":15}},"line":110},"18":{"name":"(anonymous_18)","decl":{"start":{"line":141,"column":22},"end":{"line":141,"column":23}},"loc":{"start":{"line":142,"column":10},"end":{"line":214,"column":18}},"line":142},"19":{"name":"(anonymous_19)","decl":{"start":{"line":190,"column":25},"end":{"line":190,"column":26}},"loc":{"start":{"line":190,"column":31},"end":{"line":192,"column":17}},"line":190},"20":{"name":"(anonymous_20)","decl":{"start":{"line":198,"column":25},"end":{"line":198,"column":26}},"loc":{"start":{"line":198,"column":31},"end":{"line":200,"column":17}},"line":198},"21":{"name":"(anonymous_21)","decl":{"start":{"line":206,"column":25},"end":{"line":206,"column":26}},"loc":{"start":{"line":206,"column":31},"end":{"line":208,"column":17}},"line":206},"22":{"name":"(anonymous_22)","decl":{"start":{"line":225,"column":18},"end":{"line":225,"column":19}},"loc":{"start":{"line":225,"column":33},"end":{"line":227,"column":11}},"line":225}},"branchMap":{"0":{"loc":{"start":{"line":118,"column":16},"end":{"line":118,"column":41}},"type":"cond-expr","locations":[{"start":{"line":118,"column":25},"end":{"line":118,"column":36}},{"start":{"line":118,"column":39},"end":{"line":118,"column":41}}],"line":118}},"s":{"0":0,"1":0,"2":0,"3":0,"4":0,"5":0,"6":0,"7":0,"8":0,"9":0,"10":0,"11":0,"12":0,"13":0,"14":0,"15":0,"16":0,"17":0,"18":0,"19":0,"20":0,"21":0,"22":0,"23":0,"24":0,"25":0,"26":0,"27":0,"28":0,"29":0,"30":0,"31":0,"32":0,"33":0,"34":0,"35":0,"36":0,"37":0,"38":0,"39":0,"40":0,"41":0,"42":0,"43":0,"44":0,"45":0,"46":0,"47":0,"48":0,"49":0},"f":{"0":0,"1":0,"2":0,"3":0,"4":0,"5":0,"6":0,"7":0,"8":0,"9":0,"10":0,"11":0,"12":0,"13":0,"14":0,"15":0,"16":0,"17":0,"18":0,"19":0,"20":0,"21":0,"22":0},"b":{"0":[0,0]}}
,"C:\\Users\\Rajesh\\Desktop\\training\\Sumit\\reacr-course\\finalassignment\\online-project\\src\\components\\Table\\ProjectTab.tsx": {"path":"C:\\Users\\Rajesh\\Desktop\\training\\Sumit\\reacr-course\\finalassignment\\online-project\\src\\components\\Table\\ProjectTab.tsx","statementMap":{"0":{"start":{"line":13,"column":19},"end":{"line":261,"column":1}},"1":{"start":{"line":14,"column":26},"end":{"line":14,"column":45}},"2":{"start":{"line":15,"column":26},"end":{"line":15,"column":46}},"3":{"start":{"line":16,"column":30},"end":{"line":16,"column":50}},"4":{"start":{"line":17,"column":19},"end":{"line":17,"column":32}},"5":{"start":{"line":18,"column":47},"end":{"line":20,"column":3}},"6":{"start":{"line":19,"column":26},"end":{"line":19,"column":46}},"7":{"start":{"line":21,"column":30},"end":{"line":21,"column":54}},"8":{"start":{"line":22,"column":22},"end":{"line":22,"column":46}},"9":{"start":{"line":24,"column":20},"end":{"line":26,"column":3}},"10":{"start":{"line":25,"column":4},"end":{"line":25,"column":21}},"11":{"start":{"line":28,"column":21},"end":{"line":30,"column":3}},"12":{"start":{"line":29,"column":4},"end":{"line":29,"column":21}},"13":{"start":{"line":32,"column":17},"end":{"line":34,"column":3}},"14":{"start":{"line":33,"column":4},"end":{"line":33,"column":15}},"15":{"start":{"line":36,"column":22},"end":{"line":45,"column":3}},"16":{"start":{"line":37,"column":18},"end":{"line":41,"column":5}},"17":{"start":{"line":42,"column":4},"end":{"line":42,"column":14}},"18":{"start":{"line":43,"column":4},"end":{"line":43,"column":43}},"19":{"start":{"line":44,"column":4},"end":{"line":44,"column":37}},"20":{"start":{"line":47,"column":27},"end":{"line":49,"column":3}},"21":{"start":{"line":48,"column":4},"end":{"line":48,"column":19}},"22":{"start":{"line":51,"column":28},"end":{"line":53,"column":3}},"23":{"start":{"line":52,"column":4},"end":{"line":52,"column":21}},"24":{"start":{"line":55,"column":27},"end":{"line":57,"column":3}},"25":{"start":{"line":56,"column":4},"end":{"line":56,"column":19}},"26":{"start":{"line":59,"column":27},"end":{"line":61,"column":3}},"27":{"start":{"line":60,"column":4},"end":{"line":60,"column":23}},"28":{"start":{"line":63,"column":27},"end":{"line":65,"column":3}},"29":{"start":{"line":64,"column":4},"end":{"line":64,"column":23}},"30":{"start":{"line":67,"column":27},"end":{"line":69,"column":3}},"31":{"start":{"line":68,"column":4},"end":{"line":68,"column":23}},"32":{"start":{"line":71,"column":29},"end":{"line":73,"column":3}},"33":{"start":{"line":72,"column":4},"end":{"line":72,"column":25}},"34":{"start":{"line":75,"column":27},"end":{"line":77,"column":3}},"35":{"start":{"line":76,"column":4},"end":{"line":76,"column":23}},"36":{"start":{"line":79,"column":27},"end":{"line":81,"column":3}},"37":{"start":{"line":80,"column":4},"end":{"line":80,"column":21}},"38":{"start":{"line":82,"column":12},"end":{"line":84,"column":4}},"39":{"start":{"line":86,"column":2},"end":{"line":93,"column":30}},"40":{"start":{"line":87,"column":17},"end":{"line":91,"column":5}},"41":{"start":{"line":92,"column":4},"end":{"line":92,"column":36}},"42":{"start":{"line":95,"column":2},"end":{"line":260,"column":3}},"43":{"start":{"line":103,"column":12},"end":{"line":103,"column":37}},"44":{"start":{"line":111,"column":16},"end":{"line":111,"column":34}},"45":{"start":{"line":143,"column":12},"end":{"line":242,"column":20}},"46":{"start":{"line":219,"column":20},"end":{"line":219,"column":66}},"47":{"start":{"line":227,"column":20},"end":{"line":227,"column":65}},"48":{"start":{"line":235,"column":20},"end":{"line":235,"column":68}},"49":{"start":{"line":255,"column":12},"end":{"line":255,"column":21}}},"fnMap":{"0":{"name":"(anonymous_0)","decl":{"start":{"line":13,"column":19},"end":{"line":13,"column":20}},"loc":{"start":{"line":13,"column":38},"end":{"line":261,"column":1}},"line":13},"1":{"name":"(anonymous_1)","decl":{"start":{"line":19,"column":4},"end":{"line":19,"column":5}},"loc":{"start":{"line":19,"column":26},"end":{"line":19,"column":46}},"line":19},"2":{"name":"(anonymous_2)","decl":{"start":{"line":24,"column":20},"end":{"line":24,"column":21}},"loc":{"start":{"line":24,"column":32},"end":{"line":26,"column":3}},"line":24},"3":{"name":"(anonymous_3)","decl":{"start":{"line":28,"column":21},"end":{"line":28,"column":22}},"loc":{"start":{"line":28,"column":33},"end":{"line":30,"column":3}},"line":28},"4":{"name":"(anonymous_4)","decl":{"start":{"line":32,"column":17},"end":{"line":32,"column":18}},"loc":{"start":{"line":32,"column":39},"end":{"line":34,"column":3}},"line":32},"5":{"name":"(anonymous_5)","decl":{"start":{"line":36,"column":22},"end":{"line":36,"column":23}},"loc":{"start":{"line":36,"column":56},"end":{"line":45,"column":3}},"line":36},"6":{"name":"(anonymous_6)","decl":{"start":{"line":47,"column":27},"end":{"line":47,"column":28}},"loc":{"start":{"line":47,"column":39},"end":{"line":49,"column":3}},"line":47},"7":{"name":"(anonymous_7)","decl":{"start":{"line":51,"column":28},"end":{"line":51,"column":29}},"loc":{"start":{"line":51,"column":40},"end":{"line":53,"column":3}},"line":51},"8":{"name":"(anonymous_8)","decl":{"start":{"line":55,"column":27},"end":{"line":55,"column":28}},"loc":{"start":{"line":55,"column":39},"end":{"line":57,"column":3}},"line":55},"9":{"name":"(anonymous_9)","decl":{"start":{"line":59,"column":27},"end":{"line":59,"column":28}},"loc":{"start":{"line":59,"column":39},"end":{"line":61,"column":3}},"line":59},"10":{"name":"(anonymous_10)","decl":{"start":{"line":63,"column":27},"end":{"line":63,"column":28}},"loc":{"start":{"line":63,"column":39},"end":{"line":65,"column":3}},"line":63},"11":{"name":"(anonymous_11)","decl":{"start":{"line":67,"column":27},"end":{"line":67,"column":28}},"loc":{"start":{"line":67,"column":39},"end":{"line":69,"column":3}},"line":67},"12":{"name":"(anonymous_12)","decl":{"start":{"line":71,"column":29},"end":{"line":71,"column":30}},"loc":{"start":{"line":71,"column":41},"end":{"line":73,"column":3}},"line":71},"13":{"name":"(anonymous_13)","decl":{"start":{"line":75,"column":27},"end":{"line":75,"column":28}},"loc":{"start":{"line":75,"column":39},"end":{"line":77,"column":3}},"line":75},"14":{"name":"(anonymous_14)","decl":{"start":{"line":79,"column":27},"end":{"line":79,"column":28}},"loc":{"start":{"line":79,"column":39},"end":{"line":81,"column":3}},"line":79},"15":{"name":"(anonymous_15)","decl":{"start":{"line":86,"column":12},"end":{"line":86,"column":13}},"loc":{"start":{"line":86,"column":18},"end":{"line":93,"column":3}},"line":86},"16":{"name":"(anonymous_16)","decl":{"start":{"line":102,"column":20},"end":{"line":102,"column":21}},"loc":{"start":{"line":102,"column":27},"end":{"line":104,"column":11}},"line":102},"17":{"name":"(anonymous_17)","decl":{"start":{"line":110,"column":23},"end":{"line":110,"column":24}},"loc":{"start":{"line":110,"column":29},"end":{"line":112,"column":15}},"line":110},"18":{"name":"(anonymous_18)","decl":{"start":{"line":142,"column":24},"end":{"line":142,"column":25}},"loc":{"start":{"line":143,"column":12},"end":{"line":242,"column":20}},"line":143},"19":{"name":"(anonymous_19)","decl":{"start":{"line":218,"column":27},"end":{"line":218,"column":28}},"loc":{"start":{"line":218,"column":33},"end":{"line":220,"column":19}},"line":218},"20":{"name":"(anonymous_20)","decl":{"start":{"line":226,"column":27},"end":{"line":226,"column":28}},"loc":{"start":{"line":226,"column":33},"end":{"line":228,"column":19}},"line":226},"21":{"name":"(anonymous_21)","decl":{"start":{"line":234,"column":27},"end":{"line":234,"column":28}},"loc":{"start":{"line":234,"column":33},"end":{"line":236,"column":19}},"line":234},"22":{"name":"(anonymous_22)","decl":{"start":{"line":254,"column":18},"end":{"line":254,"column":19}},"loc":{"start":{"line":254,"column":33},"end":{"line":256,"column":11}},"line":254}},"branchMap":{"0":{"loc":{"start":{"line":118,"column":16},"end":{"line":118,"column":41}},"type":"cond-expr","locations":[{"start":{"line":118,"column":25},"end":{"line":118,"column":36}},{"start":{"line":118,"column":39},"end":{"line":118,"column":41}}],"line":118}},"s":{"0":0,"1":0,"2":0,"3":0,"4":0,"5":0,"6":0,"7":0,"8":0,"9":0,"10":0,"11":0,"12":0,"13":0,"14":0,"15":0,"16":0,"17":0,"18":0,"19":0,"20":0,"21":0,"22":0,"23":0,"24":0,"25":0,"26":0,"27":0,"28":0,"29":0,"30":0,"31":0,"32":0,"33":0,"34":0,"35":0,"36":0,"37":0,"38":0,"39":0,"40":0,"41":0,"42":0,"43":0,"44":0,"45":0,"46":0,"47":0,"48":0,"49":0},"f":{"0":0,"1":0,"2":0,"3":0,"4":0,"5":0,"6":0,"7":0,"8":0,"9":0,"10":0,"11":0,"12":0,"13":0,"14":0,"15":0,"16":0,"17":0,"18":0,"19":0,"20":0,"21":0,"22":0},"b":{"0":[0,0]}}
,"C:\\Users\\Rajesh\\Desktop\\training\\Sumit\\reacr-course\\finalassignment\\online-project\\src\\components\\Table\\ProjectTable.tsx": {"path":"C:\\Users\\Rajesh\\Desktop\\training\\Sumit\\reacr-course\\finalassignment\\online-project\\src\\components\\Table\\ProjectTable.tsx","statementMap":{"0":{"start":{"line":28,"column":21},"end":{"line":38,"column":1}},"1":{"start":{"line":40,"column":21},"end":{"line":265,"column":1}},"2":{"start":{"line":41,"column":26},"end":{"line":41,"column":45}},"3":{"start":{"line":42,"column":26},"end":{"line":42,"column":46}},"4":{"start":{"line":43,"column":30},"end":{"line":43,"column":50}},"5":{"start":{"line":44,"column":28},"end":{"line":44,"column":59}},"6":{"start":{"line":45,"column":19},"end":{"line":45,"column":32}},"7":{"start":{"line":46,"column":47},"end":{"line":48,"column":3}},"8":{"start":{"line":47,"column":26},"end":{"line":47,"column":46}},"9":{"start":{"line":49,"column":30},"end":{"line":49,"column":45}},"10":{"start":{"line":51,"column":22},"end":{"line":60,"column":3}},"11":{"start":{"line":52,"column":18},"end":{"line":56,"column":5}},"12":{"start":{"line":57,"column":4},"end":{"line":57,"column":22}},"13":{"start":{"line":58,"column":4},"end":{"line":58,"column":43}},"14":{"start":{"line":59,"column":4},"end":{"line":59,"column":37}},"15":{"start":{"line":62,"column":20},"end":{"line":64,"column":3}},"16":{"start":{"line":63,"column":4},"end":{"line":63,"column":21}},"17":{"start":{"line":65,"column":21},"end":{"line":67,"column":3}},"18":{"start":{"line":66,"column":4},"end":{"line":66,"column":21}},"19":{"start":{"line":69,"column":17},"end":{"line":71,"column":3}},"20":{"start":{"line":70,"column":4},"end":{"line":70,"column":15}},"21":{"start":{"line":73,"column":23},"end":{"line":75,"column":3}},"22":{"start":{"line":74,"column":4},"end":{"line":74,"column":27}},"23":{"start":{"line":77,"column":12},"end":{"line":79,"column":4}},"24":{"start":{"line":81,"column":28},"end":{"line":85,"column":3}},"25":{"start":{"line":82,"column":18},"end":{"line":82,"column":33}},"26":{"start":{"line":83,"column":4},"end":{"line":83,"column":36}},"27":{"start":{"line":84,"column":4},"end":{"line":84,"column":21}},"28":{"start":{"line":87,"column":2},"end":{"line":94,"column":34}},"29":{"start":{"line":88,"column":17},"end":{"line":92,"column":5}},"30":{"start":{"line":93,"column":4},"end":{"line":93,"column":36}},"31":{"start":{"line":96,"column":2},"end":{"line":264,"column":3}},"32":{"start":{"line":119,"column":20},"end":{"line":119,"column":45}},"33":{"start":{"line":152,"column":22},"end":{"line":163,"column":34}},"34":{"start":{"line":158,"column":43},"end":{"line":158,"column":79}},"35":{"start":{"line":171,"column":20},"end":{"line":243,"column":31}},"36":{"start":{"line":173,"column":24},"end":{"line":203,"column":36}},"37":{"start":{"line":208,"column":28},"end":{"line":211,"column":30}},"38":{"start":{"line":220,"column":28},"end":{"line":223,"column":30}},"39":{"start":{"line":232,"column":28},"end":{"line":235,"column":30}},"40":{"start":{"line":256,"column":18},"end":{"line":256,"column":27}}},"fnMap":{"0":{"name":"(anonymous_0)","decl":{"start":{"line":40,"column":21},"end":{"line":40,"column":22}},"loc":{"start":{"line":40,"column":40},"end":{"line":265,"column":1}},"line":40},"1":{"name":"(anonymous_1)","decl":{"start":{"line":47,"column":4},"end":{"line":47,"column":5}},"loc":{"start":{"line":47,"column":26},"end":{"line":47,"column":46}},"line":47},"2":{"name":"(anonymous_2)","decl":{"start":{"line":51,"column":22},"end":{"line":51,"column":23}},"loc":{"start":{"line":51,"column":56},"end":{"line":60,"column":3}},"line":51},"3":{"name":"(anonymous_3)","decl":{"start":{"line":62,"column":20},"end":{"line":62,"column":21}},"loc":{"start":{"line":62,"column":32},"end":{"line":64,"column":3}},"line":62},"4":{"name":"(anonymous_4)","decl":{"start":{"line":65,"column":21},"end":{"line":65,"column":22}},"loc":{"start":{"line":65,"column":33},"end":{"line":67,"column":3}},"line":65},"5":{"name":"(anonymous_5)","decl":{"start":{"line":69,"column":17},"end":{"line":69,"column":18}},"loc":{"start":{"line":69,"column":39},"end":{"line":71,"column":3}},"line":69},"6":{"name":"(anonymous_6)","decl":{"start":{"line":73,"column":23},"end":{"line":73,"column":24}},"loc":{"start":{"line":73,"column":74},"end":{"line":75,"column":3}},"line":73},"7":{"name":"(anonymous_7)","decl":{"start":{"line":81,"column":28},"end":{"line":81,"column":29}},"loc":{"start":{"line":81,"column":53},"end":{"line":85,"column":3}},"line":81},"8":{"name":"(anonymous_8)","decl":{"start":{"line":87,"column":12},"end":{"line":87,"column":13}},"loc":{"start":{"line":87,"column":18},"end":{"line":94,"column":3}},"line":87},"9":{"name":"(anonymous_9)","decl":{"start":{"line":118,"column":28},"end":{"line":118,"column":29}},"loc":{"start":{"line":118,"column":35},"end":{"line":120,"column":19}},"line":118},"10":{"name":"(anonymous_10)","decl":{"start":{"line":151,"column":38},"end":{"line":151,"column":39}},"loc":{"start":{"line":152,"column":22},"end":{"line":163,"column":34}},"line":152},"11":{"name":"(anonymous_11)","decl":{"start":{"line":158,"column":35},"end":{"line":158,"column":36}},"loc":{"start":{"line":158,"column":41},"end":{"line":158,"column":81}},"line":158},"12":{"name":"(anonymous_12)","decl":{"start":{"line":170,"column":32},"end":{"line":170,"column":33}},"loc":{"start":{"line":171,"column":20},"end":{"line":243,"column":31}},"line":171},"13":{"name":"(anonymous_13)","decl":{"start":{"line":172,"column":40},"end":{"line":172,"column":41}},"loc":{"start":{"line":173,"column":24},"end":{"line":203,"column":36}},"line":173},"14":{"name":"(anonymous_14)","decl":{"start":{"line":207,"column":35},"end":{"line":207,"column":36}},"loc":{"start":{"line":207,"column":41},"end":{"line":212,"column":27}},"line":207},"15":{"name":"(anonymous_15)","decl":{"start":{"line":219,"column":35},"end":{"line":219,"column":36}},"loc":{"start":{"line":219,"column":41},"end":{"line":224,"column":27}},"line":219},"16":{"name":"(anonymous_16)","decl":{"start":{"line":231,"column":35},"end":{"line":231,"column":36}},"loc":{"start":{"line":231,"column":41},"end":{"line":236,"column":27}},"line":231},"17":{"name":"(anonymous_17)","decl":{"start":{"line":255,"column":24},"end":{"line":255,"column":25}},"loc":{"start":{"line":255,"column":39},"end":{"line":257,"column":17}},"line":255}},"branchMap":{"0":{"loc":{"start":{"line":83,"column":13},"end":{"line":83,"column":35}},"type":"cond-expr","locations":[{"start":{"line":83,"column":21},"end":{"line":83,"column":27}},{"start":{"line":83,"column":30},"end":{"line":83,"column":35}}],"line":83},"1":{"loc":{"start":{"line":155,"column":39},"end":{"line":155,"column":71}},"type":"cond-expr","locations":[{"start":{"line":155,"column":57},"end":{"line":155,"column":63}},{"start":{"line":155,"column":66},"end":{"line":155,"column":71}}],"line":155},"2":{"loc":{"start":{"line":174,"column":27},"end":{"line":192,"column":33}},"type":"cond-expr","locations":[{"start":{"line":176,"column":28},"end":{"line":180,"column":41}},{"start":{"line":182,"column":30},"end":{"line":192,"column":33}}],"line":174},"3":{"loc":{"start":{"line":182,"column":30},"end":{"line":192,"column":33}},"type":"cond-expr","locations":[{"start":{"line":184,"column":28},"end":{"line":186,"column":41}},{"start":{"line":189,"column":28},"end":{"line":191,"column":41}}],"line":182},"4":{"loc":{"start":{"line":193,"column":27},"end":{"line":202,"column":31}},"type":"cond-expr","locations":[{"start":{"line":195,"column":28},"end":{"line":198,"column":41}},{"start":{"line":201,"column":32},"end":{"line":201,"column":34}}],"line":193}},"s":{"0":0,"1":0,"2":0,"3":0,"4":0,"5":0,"6":0,"7":0,"8":0,"9":0,"10":0,"11":0,"12":0,"13":0,"14":0,"15":0,"16":0,"17":0,"18":0,"19":0,"20":0,"21":0,"22":0,"23":0,"24":0,"25":0,"26":0,"27":0,"28":0,"29":0,"30":0,"31":0,"32":0,"33":0,"34":0,"35":0,"36":0,"37":0,"38":0,"39":0,"40":0},"f":{"0":0,"1":0,"2":0,"3":0,"4":0,"5":0,"6":0,"7":0,"8":0,"9":0,"10":0,"11":0,"12":0,"13":0,"14":0,"15":0,"16":0,"17":0},"b":{"0":[0,0],"1":[0,0],"2":[0,0],"3":[0,0],"4":[0,0]}}
}
